<?xml version="1.0" encoding="UTF-8"?>
<!-- Generated by org.testng.reporters.JUnitXMLReporter -->
<testsuite hostname="DESKTOP-S2KSJTH" ignored="16" name="MRB Demo Admin Smoke Suite" tests="7" failures="0" timestamp="2021-04-19T13:24:44 IST" time="339.777" errors="0">
  <testcase name="verifyAuthScreen" time="12.021" classname="testcases.DEMO.admin.login.E2E01_Verify_User_able_to_Login_into_MRB_Admin_Successfully_with_Valid_Credentials"/>
  <testcase name="verifySuspendScreen" time="62.498" classname="testcases.DEMO.admin.customerManagement.E2E01_Verify_User_able_to_Suspend_and_Approve_User_Successfully_in_Admin"/>
  <testcase name="verifySuspendApproveScreen" time="51.202" classname="testcases.DEMO.admin.customerManagement.E2E01_Verify_User_able_to_Suspend_and_Approve_User_Successfully_in_Admin"/>
  <testcase name="verifyAuthScreen" time="17.406" classname="testcases.DEMO.admin.login.E2E02_Verify_User_able_to_Logout_from_MRB_Admin_After_Successful_Login"/>
  <testcase name="verifyActivateScreen" time="55.569" classname="testcases.DEMO.admin.customerManagement.E2E02_Verify_User_able_to_Activate_and_Approve_User_Successfully_in_Admin"/>
  <testcase name="verifyActivateApproveScreen" time="50.28" classname="testcases.DEMO.admin.customerManagement.E2E02_Verify_User_able_to_Activate_and_Approve_User_Successfully_in_Admin"/>
  <testcase name="verifySuspendScreen" time="47.259" classname="testcases.DEMO.admin.customerManagement.E2E03_Verify_User_able_to_View_Data_of_the_User_in_Admin"/>
  <testcase name="@BeforeTest beforeTest" time="0.0" classname="wrappers.ProjectWrappers">
    <ignored/>
  </testcase> <!-- @BeforeTest beforeTest -->
  <testcase name="@BeforeTest beforeTest" time="0.0" classname="wrappers.ProjectWrappers">
    <ignored/>
  </testcase> <!-- @BeforeTest beforeTest -->
  <testcase name="@BeforeTest beforeTest" time="0.0" classname="wrappers.ProjectWrappers">
    <ignored/>
  </testcase> <!-- @BeforeTest beforeTest -->
  <testcase name="@BeforeTest beforeTest" time="0.0" classname="wrappers.ProjectWrappers">
    <ignored/>
  </testcase> <!-- @BeforeTest beforeTest -->
  <testcase name="@AfterSuite afterSuite" time="0.0" classname="wrappers.ProjectWrappers">
    <ignored/>
  </testcase> <!-- @AfterSuite afterSuite -->
  <testcase name="@AfterSuite afterSuite" time="0.0" classname="wrappers.ProjectWrappers">
    <ignored/>
  </testcase> <!-- @AfterSuite afterSuite -->
  <testcase name="@AfterSuite afterSuite" time="0.0" classname="wrappers.ProjectWrappers">
    <ignored/>
  </testcase> <!-- @AfterSuite afterSuite -->
  <testcase name="@AfterSuite afterSuite" time="0.0" classname="wrappers.ProjectWrappers">
    <ignored/>
  </testcase> <!-- @AfterSuite afterSuite -->
  <testcase name="@AfterTest afterTest" time="0.0" classname="wrappers.ProjectWrappers">
    <ignored/>
  </testcase> <!-- @AfterTest afterTest -->
  <testcase name="@AfterTest afterTest" time="0.0" classname="wrappers.ProjectWrappers">
    <ignored/>
  </testcase> <!-- @AfterTest afterTest -->
  <testcase name="@AfterTest afterTest" time="0.0" classname="wrappers.ProjectWrappers">
    <ignored/>
  </testcase> <!-- @AfterTest afterTest -->
  <testcase name="@AfterTest afterTest" time="0.0" classname="wrappers.ProjectWrappers">
    <ignored/>
  </testcase> <!-- @AfterTest afterTest -->
  <testcase name="@BeforeSuite beforeSuite" time="0.0" classname="wrappers.ProjectWrappers">
    <ignored/>
  </testcase> <!-- @BeforeSuite beforeSuite -->
  <testcase name="@BeforeSuite beforeSuite" time="0.0" classname="wrappers.ProjectWrappers">
    <ignored/>
  </testcase> <!-- @BeforeSuite beforeSuite -->
  <testcase name="@BeforeSuite beforeSuite" time="0.0" classname="wrappers.ProjectWrappers">
    <ignored/>
  </testcase> <!-- @BeforeSuite beforeSuite -->
  <testcase name="@BeforeSuite beforeSuite" time="0.0" classname="wrappers.ProjectWrappers">
    <ignored/>
  </testcase> <!-- @BeforeSuite beforeSuite -->
</testsuite> <!-- MRB Demo Admin Smoke Suite -->
