<?xml version="1.0" encoding="UTF-8"?>
<!-- Generated by org.testng.reporters.JUnitXMLReporter -->
<testsuite hostname="DESKTOP-S2KSJTH" ignored="16" name="MRB DEMO IB Smoke Suite" tests="5" failures="2" timestamp="2021-04-19T11:42:10 IST" time="302.434" errors="0">
  <testcase name="verifyAuthScreen" time="42.664" classname="testcases.DEMO.login.E2E01_Verify_User_able_to_Login_into_MRB_Successfully_with_Valid_Credentials"/>
  <testcase name="verifyAuthScreen" time="81.849" classname="testcases.DEMO.registration.E2E01_Verify_User_able_to_Complete_Registration_Process_Using_Account_Details">
    <failure type="java.lang.RuntimeException" message="FAILED">
      <![CDATA[java.lang.RuntimeException: FAILED
at utils.Reporter.reportStep(Reporter.java:29)
at wrappers.GenericWrappers.clickWrapper(GenericWrappers.java:365)
at wrappers.GenericWrappers.clickByXpath(GenericWrappers.java:749)
at pages.DEMO.internetBanking.RegistrationPage.select2FAType(RegistrationPage.java:472)
at testcases.DEMO.registration.E2E01_Verify_User_able_to_Complete_Registration_Process_Using_Account_Details.verifyAuthScreen(E2E01_Verify_User_able_to_Complete_Registration_Process_Using_Account_Details.java:36)
at java.util.ArrayList.forEach(Unknown Source)
... Removed 27 stack frames]]>
    </failure>
  </testcase> <!-- verifyAuthScreen -->
  <testcase name="verifyAuthScreen" time="54.97" classname="testcases.DEMO.fundTransfer.E2E01_Verify_User_able_to_Transfer_Funds_Successfully_in_MRB">
    <failure type="java.lang.RuntimeException" message="FAILED">
      <![CDATA[java.lang.RuntimeException: FAILED
at utils.Reporter.reportStep(Reporter.java:29)
at wrappers.GenericWrappers.clickWrapper(GenericWrappers.java:356)
at wrappers.GenericWrappers.clickByXpath(GenericWrappers.java:749)
at pages.DEMO.internetBanking.FundTransferPage.clickTransfersTab(FundTransferPage.java:123)
at testcases.DEMO.fundTransfer.E2E01_Verify_User_able_to_Transfer_Funds_Successfully_in_MRB.verifyAuthScreen(E2E01_Verify_User_able_to_Transfer_Funds_Successfully_in_MRB.java:31)
at java.util.ArrayList.forEach(Unknown Source)
... Removed 27 stack frames]]>
    </failure>
  </testcase> <!-- verifyAuthScreen -->
  <testcase name="verifyAuthScreen" time="47.501" classname="testcases.DEMO.login.E2E02_Verify_User_able_to_Logout_Successfully_from_MRB_After_Login"/>
  <testcase name="verifyAuthScreen" time="42.534" classname="testcases.DEMO.login.E2E03_Verify_User_able_to_verify_Dashboard_Page_in_MRB"/>
  <testcase name="@BeforeTest beforeTest" time="0.0" classname="wrappers.ProjectWrappers">
    <ignored/>
  </testcase> <!-- @BeforeTest beforeTest -->
  <testcase name="@BeforeTest beforeTest" time="0.0" classname="wrappers.ProjectWrappers">
    <ignored/>
  </testcase> <!-- @BeforeTest beforeTest -->
  <testcase name="@BeforeTest beforeTest" time="0.0" classname="wrappers.ProjectWrappers">
    <ignored/>
  </testcase> <!-- @BeforeTest beforeTest -->
  <testcase name="@BeforeTest beforeTest" time="0.0" classname="wrappers.ProjectWrappers">
    <ignored/>
  </testcase> <!-- @BeforeTest beforeTest -->
  <testcase name="@AfterSuite afterSuite" time="0.0" classname="wrappers.ProjectWrappers">
    <ignored/>
  </testcase> <!-- @AfterSuite afterSuite -->
  <testcase name="@AfterSuite afterSuite" time="0.0" classname="wrappers.ProjectWrappers">
    <ignored/>
  </testcase> <!-- @AfterSuite afterSuite -->
  <testcase name="@AfterSuite afterSuite" time="0.0" classname="wrappers.ProjectWrappers">
    <ignored/>
  </testcase> <!-- @AfterSuite afterSuite -->
  <testcase name="@AfterSuite afterSuite" time="0.0" classname="wrappers.ProjectWrappers">
    <ignored/>
  </testcase> <!-- @AfterSuite afterSuite -->
  <testcase name="@AfterTest afterTest" time="0.0" classname="wrappers.ProjectWrappers">
    <ignored/>
  </testcase> <!-- @AfterTest afterTest -->
  <testcase name="@AfterTest afterTest" time="0.0" classname="wrappers.ProjectWrappers">
    <ignored/>
  </testcase> <!-- @AfterTest afterTest -->
  <testcase name="@AfterTest afterTest" time="0.0" classname="wrappers.ProjectWrappers">
    <ignored/>
  </testcase> <!-- @AfterTest afterTest -->
  <testcase name="@AfterTest afterTest" time="0.0" classname="wrappers.ProjectWrappers">
    <ignored/>
  </testcase> <!-- @AfterTest afterTest -->
  <testcase name="@BeforeSuite beforeSuite" time="0.0" classname="wrappers.ProjectWrappers">
    <ignored/>
  </testcase> <!-- @BeforeSuite beforeSuite -->
  <testcase name="@BeforeSuite beforeSuite" time="0.0" classname="wrappers.ProjectWrappers">
    <ignored/>
  </testcase> <!-- @BeforeSuite beforeSuite -->
  <testcase name="@BeforeSuite beforeSuite" time="0.0" classname="wrappers.ProjectWrappers">
    <ignored/>
  </testcase> <!-- @BeforeSuite beforeSuite -->
  <testcase name="@BeforeSuite beforeSuite" time="0.0" classname="wrappers.ProjectWrappers">
    <ignored/>
  </testcase> <!-- @BeforeSuite beforeSuite -->
</testsuite> <!-- MRB DEMO IB Smoke Suite -->
