<?xml version="1.0" encoding="UTF-8"?>
<!-- Generated by org.testng.reporters.JUnitReportReporter -->
<testsuite skipped="0" hostname="DESKTOP-S2KSJTH" name="testcases.login.prdcard_227.E2E03_Verify_User_able_to_login_into_apllication_without_entering_Password" tests="1" failures="0" timestamp="2021-03-05T18:03:08 IST" time="22.559" errors="0">
  <testcase name="verifyAuthScreen" time="22.559" classname="testcases.login.prdcard_227.E2E03_Verify_User_able_to_login_into_apllication_without_entering_Password"/>
  <system-out/>
</testsuite> <!-- testcases.login.prdcard_227.E2E03_Verify_User_able_to_login_into_apllication_without_entering_Password -->
