<?xml version="1.0" encoding="UTF-8"?>
<!-- Generated by org.testng.reporters.JUnitReportReporter -->
<testsuite skipped="0" hostname="DESKTOP-S2KSJTH" name="testcases.registration.prdcard_510.E2E03_Verify_User_able_to_provide_valid_details_in_all_Credit_Card_fields_after_clicking_Agree" tests="1" failures="0" timestamp="2021-03-04T21:29:22 IST" time="30.986" errors="0">
  <testcase name="verifyAuthScreen" time="30.986" classname="testcases.registration.prdcard_510.E2E03_Verify_User_able_to_provide_valid_details_in_all_Credit_Card_fields_after_clicking_Agree"/>
  <system-out/>
</testsuite> <!-- testcases.registration.prdcard_510.E2E03_Verify_User_able_to_provide_valid_details_in_all_Credit_Card_fields_after_clicking_Agree -->
