<?xml version="1.0" encoding="UTF-8"?>
<!-- Generated by org.testng.reporters.JUnitReportReporter -->
<testsuite skipped="0" hostname="DESKTOP-S2KSJTH" name="testcases.ib.accounts.loans.E2E06_Verify_User_able_to_Download_Loan_Account_Statement" tests="1" failures="0" timestamp="2021-04-22T14:58:45 IST" time="164.597" errors="0">
  <testcase name="verifyAuthScreen" time="164.597" classname="testcases.ib.accounts.loans.E2E06_Verify_User_able_to_Download_Loan_Account_Statement"/>
  <system-out/>
</testsuite> <!-- testcases.ib.accounts.loans.E2E06_Verify_User_able_to_Download_Loan_Account_Statement -->
