<?xml version="1.0" encoding="UTF-8"?>
<!-- Generated by org.testng.reporters.JUnitReportReporter -->
<testsuite hostname="Prabhukrishnan" name="testcases.BankAdmin.BillerManagement.TC02_Maker_BillerManagement_ManageRule_MandatoryMessageValidation" tests="1" failures="0" timestamp="26 Aug 2020 20:54:14 GMT" time="54.453" errors="0">
  <testcase name="CreateRuleMandatoryFieldValidation" time="54.453" classname="testcases.BankAdmin.BillerManagement.TC02_Maker_BillerManagement_ManageRule_MandatoryMessageValidation"/>
</testsuite> <!-- testcases.BankAdmin.BillerManagement.TC02_Maker_BillerManagement_ManageRule_MandatoryMessageValidation -->
