<?xml version="1.0" encoding="UTF-8"?>
<!-- Generated by org.testng.reporters.JUnitReportReporter -->
<testsuite hostname="Prabhukrishnan" name="testcases.CIB.Transfers.TC66_Maker_Select_Payment_Currency_For_International" tests="1" failures="0" timestamp="19 Nov 2020 13:57:16 GMT" time="118.198" errors="0">
  <testcase name="createBillPayment" time="118.198" classname="testcases.CIB.Transfers.TC66_Maker_Select_Payment_Currency_For_International"/>
</testsuite> <!-- testcases.CIB.Transfers.TC66_Maker_Select_Payment_Currency_For_International -->
