<?xml version="1.0" encoding="UTF-8"?>
<!-- Generated by org.testng.reporters.JUnitReportReporter -->
<testsuite hostname="Prabhukrishnan" name="testcases.CIB.Transfers.TC61_Maker_Select_Past_Date_DatePicker_For_International" tests="1" failures="0" timestamp="19 Nov 2020 13:57:15 GMT" time="82.418" errors="0">
  <testcase name="createBillPayment" time="82.418" classname="testcases.CIB.Transfers.TC61_Maker_Select_Past_Date_DatePicker_For_International"/>
</testsuite> <!-- testcases.CIB.Transfers.TC61_Maker_Select_Past_Date_DatePicker_For_International -->
