<?xml version="1.0" encoding="UTF-8"?>
<!-- Generated by org.testng.reporters.JUnitReportReporter -->
<testsuite skipped="0" hostname="DESKTOP-S2KSJTH" name="testcases.registration.prdcard_452.E2E01_Verify_User_able_to_Set_Password_during_Registration" tests="1" failures="0" timestamp="2021-03-04T16:32:13 IST" time="64.691" errors="0">
  <testcase name="verifyAuthScreen" time="64.691" classname="testcases.registration.prdcard_452.E2E01_Verify_User_able_to_Set_Password_during_Registration"/>
  <system-out/>
</testsuite> <!-- testcases.registration.prdcard_452.E2E01_Verify_User_able_to_Set_Password_during_Registration -->
