<?xml version="1.0" encoding="UTF-8"?>
<!-- Generated by org.testng.reporters.JUnitReportReporter -->
<testsuite skipped="1" hostname="vairamuthu" name="testcases.DBP16053andDBP16076" tests="2" failures="0" timestamp="22 Feb 2019 09:24:18 GMT" time="124.728" errors="0">
  <testcase name="NonMatrix" time="124.728" classname="testcases.DBP16053andDBP16076"/>
  <testcase name="NOnMatrixApprove" classname="testcases.DBP16053andDBP16076">
    <skipped/>
  </testcase> <!-- NOnMatrixApprove -->
</testsuite> <!-- testcases.DBP16053andDBP16076 -->
