<?xml version="1.0" encoding="UTF-8"?>
<!-- Generated by org.testng.reporters.JUnitReportReporter -->
<testsuite skipped="0" hostname="DESKTOP-S2KSJTH" name="testcases.QA.userProfile.E2E01_Verify_User_able_to_Add_Email_ID" tests="1" failures="0" timestamp="2021-04-12T15:01:07 IST" time="81.905" errors="0">
  <testcase name="verifyAuthScreen" time="81.905" classname="testcases.QA.userProfile.E2E01_Verify_User_able_to_Add_Email_ID"/>
  <system-out/>
</testsuite> <!-- testcases.QA.userProfile.E2E01_Verify_User_able_to_Add_Email_ID -->
