<?xml version="1.0" encoding="UTF-8"?>
<!-- Generated by org.testng.reporters.JUnitReportReporter -->
<testsuite hostname="Prabhukrishnan" name="testcases.CIB.Transfers.TC76_Checker_Manage_Workflow_Approve_Domestic_Batch_Payment_View_Approve_Success_Msg_After_2FA" tests="1" failures="0" timestamp="19 Nov 2020 19:21:53 GMT" time="229.489" errors="0">
  <testcase name="checkerSinglePayment" time="229.489" classname="testcases.CIB.Transfers.TC76_Checker_Manage_Workflow_Approve_Domestic_Batch_Payment_View_Approve_Success_Msg_After_2FA"/>
</testsuite> <!-- testcases.CIB.Transfers.TC76_Checker_Manage_Workflow_Approve_Domestic_Batch_Payment_View_Approve_Success_Msg_After_2FA -->
