<?xml version="1.0" encoding="UTF-8"?>
<!-- Generated by org.testng.reporters.JUnitReportReporter -->
<testsuite skipped="0" hostname="DESKTOP-S2KSJTH" name="testcases.login.prdcard_238.E2E03_Verify_User_able_to_View_Proper_error_msg_for_Invalid_CVV" tests="1" failures="0" timestamp="2021-03-05T22:07:47 IST" time="42.588" errors="0">
  <testcase name="verifyAuthScreen" time="42.588" classname="testcases.login.prdcard_238.E2E03_Verify_User_able_to_View_Proper_error_msg_for_Invalid_CVV"/>
  <system-out/>
</testsuite> <!-- testcases.login.prdcard_238.E2E03_Verify_User_able_to_View_Proper_error_msg_for_Invalid_CVV -->
