<?xml version="1.0" encoding="UTF-8"?>
<!-- Generated by org.testng.reporters.JUnitReportReporter -->
<testsuite skipped="0" hostname="DESKTOP-S2KSJTH" name="testcases.registration.prdcard_454.E2E05_Verify_User_able_to_View_Proper_Error_Msg_for_Invalid_CVV" tests="1" failures="0" timestamp="2021-03-04T17:58:40 IST" time="36.702" errors="0">
  <testcase name="verifyAuthScreen" time="36.702" classname="testcases.registration.prdcard_454.E2E05_Verify_User_able_to_View_Proper_Error_Msg_for_Invalid_CVV"/>
  <system-out/>
</testsuite> <!-- testcases.registration.prdcard_454.E2E05_Verify_User_able_to_View_Proper_Error_Msg_for_Invalid_CVV -->
