<?xml version="1.0" encoding="UTF-8"?>
<!-- Generated by org.testng.reporters.JUnitReportReporter -->
<testsuite skipped="0" hostname="DESKTOP-S2KSJTH" name="testcases.registration.prdcard_442.TC08_Verify_Cursor_Changes_when_Navigated_Towards_Date_Picker_Icon" tests="1" failures="0" timestamp="2021-03-02T13:36:45 IST" time="23.792" errors="0">
  <testcase name="verifyCCScreen" time="23.792" classname="testcases.registration.prdcard_442.TC08_Verify_Cursor_Changes_when_Navigated_Towards_Date_Picker_Icon"/>
  <system-out/>
</testsuite> <!-- testcases.registration.prdcard_442.TC08_Verify_Cursor_Changes_when_Navigated_Towards_Date_Picker_Icon -->
