<?xml version="1.0" encoding="UTF-8"?>
<!-- Generated by org.testng.reporters.JUnitReportReporter -->
<testsuite hostname="Prabhukrishnan" name="testcases.CIB.Transfers.TC36_Maker_Select_Transfer_To_Radio_Button_For_Domestic" tests="1" failures="0" timestamp="19 Nov 2020 13:57:16 GMT" time="91.918" errors="0">
  <testcase name="createBillPayment" time="91.918" classname="testcases.CIB.Transfers.TC36_Maker_Select_Transfer_To_Radio_Button_For_Domestic"/>
</testsuite> <!-- testcases.CIB.Transfers.TC36_Maker_Select_Transfer_To_Radio_Button_For_Domestic -->
