<?xml version="1.0" encoding="UTF-8"?>
<!-- Generated by org.testng.reporters.JUnitReportReporter -->
<testsuite skipped="0" hostname="DESKTOP-S2KSJTH" name="testcases.registration.prdcard_445.TC01_Verify_User_Able_to_View_Prelogin_Page_Again_on_Clicking_Back_in_Card_Details_Page" tests="1" failures="0" timestamp="2021-03-02T14:29:47 IST" time="22.390" errors="0">
  <testcase name="verifyCCScreen" time="22.390" classname="testcases.registration.prdcard_445.TC01_Verify_User_Able_to_View_Prelogin_Page_Again_on_Clicking_Back_in_Card_Details_Page"/>
  <system-out/>
</testsuite> <!-- testcases.registration.prdcard_445.TC01_Verify_User_Able_to_View_Prelogin_Page_Again_on_Clicking_Back_in_Card_Details_Page -->
