<?xml version="1.0" encoding="UTF-8"?>
<!-- Generated by org.testng.reporters.JUnitReportReporter -->
<testsuite skipped="0" hostname="DESKTOP-S2KSJTH" name="testcases.registration.prdcard_446.TC08_Verify_Back_Button_is_available_only_on_Credit_Card_Details_Page" tests="1" failures="0" timestamp="2021-03-02T15:26:09 IST" time="29.705" errors="0">
  <testcase name="verifyCCScreen" time="29.705" classname="testcases.registration.prdcard_446.TC08_Verify_Back_Button_is_available_only_on_Credit_Card_Details_Page"/>
  <system-out/>
</testsuite> <!-- testcases.registration.prdcard_446.TC08_Verify_Back_Button_is_available_only_on_Credit_Card_Details_Page -->
