<?xml version="1.0" encoding="UTF-8"?>
<!-- Generated by org.testng.reporters.JUnitReportReporter -->
<testsuite hostname="Prabhukrishnan" name="testcases.CIB.Transfers.TC32_Maker_Select_PayFrom_Dropdown_For_Domestic" tests="1" failures="0" timestamp="19 Nov 2020 13:57:15 GMT" time="70.996" errors="0">
  <testcase name="createBillPayment" time="70.996" classname="testcases.CIB.Transfers.TC32_Maker_Select_PayFrom_Dropdown_For_Domestic"/>
</testsuite> <!-- testcases.CIB.Transfers.TC32_Maker_Select_PayFrom_Dropdown_For_Domestic -->
